<?xml version="1.0" encoding="UTF-8"?>
<testng-results ignored="0" total="1" passed="0" failed="1" skipped="0">
  <reporter-output>
  </reporter-output>
  <suite started-at="2019-09-25T11:14:36Z" name="Default suite" finished-at="2019-09-25T11:14:41Z" duration-ms="5415">
    <groups>
      <group name="cucumber">
        <method signature="AbstractTestNGCucumberTests.runScenario(io.cucumber.testng.PickleEventWrapper, io.cucumber.testng.CucumberFeatureWrapper)[pri:0, instance:test_runner.BddRunner@37883b97]" name="runScenario" class="io.cucumber.testng.AbstractTestNGCucumberTests"/>
      </group> <!-- cucumber -->
    </groups>
    <test started-at="2019-09-25T11:14:36Z" name="Default test" finished-at="2019-09-25T11:14:41Z" duration-ms="5415">
      <class name="test_runner.BddRunner">
        <test-method is-config="true" signature="setUpClass()[pri:0, instance:test_runner.BddRunner@37883b97]" started-at="2019-09-25T11:14:36Z" name="setUpClass" finished-at="2019-09-25T11:14:36Z" duration-ms="139" status="PASS">
          <reporter-output>
          </reporter-output>
        </test-method> <!-- setUpClass -->
        <test-method signature="runScenario(io.cucumber.testng.PickleEventWrapper, io.cucumber.testng.CucumberFeatureWrapper)[pri:0, instance:test_runner.BddRunner@37883b97]" started-at="2019-09-25T11:14:36Z" name="runScenario" description="Runs Cucumber Scenarios" data-provider="scenarios" finished-at="2019-09-25T11:14:41Z" duration-ms="5201" status="FAIL">
          <params>
            <param index="0">
              <value>
                <![CDATA["Search random string"]]>
              </value>
            </param>
            <param index="1">
              <value>
                <![CDATA["Test google search"]]>
              </value>
            </param>
          </params>
          <exception class="java.lang.AssertionError">
            <message>
              <![CDATA[result title doesn't contain searched string expected [true] but found [false]]]>
            </message>
            <full-stacktrace>
              <![CDATA[java.lang.AssertionError: result title doesn't contain searched string expected [true] but found [false]
]]>
            </full-stacktrace>
          </exception> <!-- java.lang.AssertionError -->
          <reporter-output>
          </reporter-output>
        </test-method> <!-- runScenario -->
        <test-method is-config="true" signature="tearDownClass()[pri:0, instance:test_runner.BddRunner@37883b97]" started-at="2019-09-25T11:14:41Z" name="tearDownClass" finished-at="2019-09-25T11:14:41Z" duration-ms="21" status="PASS">
          <reporter-output>
          </reporter-output>
        </test-method> <!-- tearDownClass -->
      </class> <!-- test_runner.BddRunner -->
    </test> <!-- Default test -->
  </suite> <!-- Default suite -->
</testng-results>
